<?xml version="1.0" encoding="UTF-8"?>
<!-- Generated by org.testng.reporters.JUnitReportReporter -->
<testsuite hostname="DIN20000214" name="LoadEnv.cmacload" tests="1" failures="0" timestamp="21 Jan 2020 10:38:08 GMT" time="335.393" errors="0">
  <testcase name="UnIssueOrder" time="335.393" classname="LoadEnv.cmacload"/>
</testsuite> <!-- LoadEnv.cmacload -->
