<?xml version="1.0" encoding="UTF-8"?>
<!-- Generated by org.testng.reporters.JUnitReportReporter -->
<testsuite hostname="DIN20000214" name="LoadEnv.cmacload" tests="1" failures="0" timestamp="10 Jan 2020 06:35:24 GMT" time="336.387" errors="0">
  <testcase name="IssueOrder" time="336.387" classname="LoadEnv.cmacload"/>
</testsuite> <!-- LoadEnv.cmacload -->
