<?xml version="1.0" encoding="UTF-8"?>
<!-- Generated by org.testng.reporters.JUnitReportReporter -->
<testsuite hostname="DIN20000214" name="LoadEnv.cmacload" tests="1" failures="0" timestamp="15 Jan 2020 13:24:24 GMT" time="340.232" errors="0">
  <testcase name="IssueOrder" time="340.232" classname="LoadEnv.cmacload"/>
</testsuite> <!-- LoadEnv.cmacload -->
