<?xml version="1.0" encoding="UTF-8"?>
<!-- Generated by org.testng.reporters.JUnitReportReporter -->
<testsuite hostname="DIN20000214" name="LoadEnv.cmacload" tests="1" failures="0" timestamp="7 Jan 2020 10:04:49 GMT" time="129.899" errors="0">
  <testcase name="IssueOrder" time="129.899" classname="LoadEnv.cmacload"/>
</testsuite> <!-- LoadEnv.cmacload -->
