<?xml version="1.0" encoding="UTF-8"?>
<!-- Generated by org.testng.reporters.JUnitReportReporter -->
<testsuite hostname="DIN20000214" name="LoadEnv.cmacload" tests="1" failures="0" timestamp="15 Jan 2020 10:38:29 GMT" time="350.259" errors="0">
  <testcase name="IssueOrder" time="350.259" classname="LoadEnv.cmacload"/>
</testsuite> <!-- LoadEnv.cmacload -->
